<?xml version="1.0" encoding="UTF-8"?>
<testsuite name="com.example.demo.ETronV2ApplicationTests" tests="1" skipped="0" failures="0" errors="0" timestamp="2023-10-18T00:36:44" hostname="dosi" time="0.07">
  <properties/>
  <testcase name="contextLoads()" classname="com.example.demo.ETronV2ApplicationTests" time="0.07"/>
  <system-out><![CDATA[02:36:40.865 [Test worker] DEBUG org.springframework.test.context.BootstrapUtils - Instantiating CacheAwareContextLoaderDelegate from class [org.springframework.test.context.cache.DefaultCacheAwareContextLoaderDelegate]
02:36:40.871 [Test worker] DEBUG org.springframework.test.context.BootstrapUtils - Instantiating BootstrapContext using constructor [public org.springframework.test.context.support.DefaultBootstrapContext(java.lang.Class,org.springframework.test.context.CacheAwareContextLoaderDelegate)]
02:36:40.891 [Test worker] DEBUG org.springframework.test.context.BootstrapUtils - Instantiating TestContextBootstrapper for test class [com.example.demo.ETronV2ApplicationTests] from class [org.springframework.boot.test.context.SpringBootTestContextBootstrapper]
02:36:40.897 [Test worker] INFO org.springframework.boot.test.context.SpringBootTestContextBootstrapper - Neither @ContextConfiguration nor @ContextHierarchy found for test class [com.example.demo.ETronV2ApplicationTests], using SpringBootContextLoader
02:36:40.899 [Test worker] DEBUG org.springframework.test.context.support.AbstractContextLoader - Did not detect default resource location for test class [com.example.demo.ETronV2ApplicationTests]: class path resource [com/example/demo/ETronV2ApplicationTests-context.xml] does not exist
02:36:40.900 [Test worker] DEBUG org.springframework.test.context.support.AbstractContextLoader - Did not detect default resource location for test class [com.example.demo.ETronV2ApplicationTests]: class path resource [com/example/demo/ETronV2ApplicationTestsContext.groovy] does not exist
02:36:40.900 [Test worker] INFO org.springframework.test.context.support.AbstractContextLoader - Could not detect default resource locations for test class [com.example.demo.ETronV2ApplicationTests]: no resource found for suffixes {-context.xml, Context.groovy}.
02:36:40.901 [Test worker] INFO org.springframework.test.context.support.AnnotationConfigContextLoaderUtils - Could not detect default configuration classes for test class [com.example.demo.ETronV2ApplicationTests]: ETronV2ApplicationTests does not declare any static, non-private, non-final, nested classes annotated with @Configuration.
02:36:40.927 [Test worker] DEBUG org.springframework.test.context.support.ActiveProfilesUtils - Could not find an 'annotation declaring class' for annotation type [org.springframework.test.context.ActiveProfiles] and class [com.example.demo.ETronV2ApplicationTests]
02:36:40.960 [Test worker] DEBUG org.springframework.context.annotation.ClassPathScanningCandidateComponentProvider - Identified candidate component class: file [/home/dosi/Documents/workspace-spring-tool-suite-4-4.20.0.RELEASE/e-tron-v2/build/classes/java/main/com/example/demo/ETronV2Application.class]
02:36:40.961 [Test worker] INFO org.springframework.boot.test.context.SpringBootTestContextBootstrapper - Found @SpringBootConfiguration com.example.demo.ETronV2Application for test class com.example.demo.ETronV2ApplicationTests
02:36:41.020 [Test worker] DEBUG org.springframework.boot.test.context.SpringBootTestContextBootstrapper - @TestExecutionListeners is not present for class [com.example.demo.ETronV2ApplicationTests]: using defaults.
02:36:41.021 [Test worker] INFO org.springframework.boot.test.context.SpringBootTestContextBootstrapper - Loaded default TestExecutionListener class names from location [META-INF/spring.factories]: [org.springframework.security.test.context.support.WithSecurityContextTestExecutionListener, org.springframework.security.test.context.support.ReactorContextTestExecutionListener, org.springframework.boot.test.autoconfigure.restdocs.RestDocsTestExecutionListener, org.springframework.boot.test.autoconfigure.web.client.MockRestServiceServerResetTestExecutionListener, org.springframework.boot.test.autoconfigure.web.servlet.MockMvcPrintOnlyOnFailureTestExecutionListener, org.springframework.boot.test.autoconfigure.web.servlet.WebDriverTestExecutionListener, org.springframework.boot.test.autoconfigure.webservices.client.MockWebServiceServerTestExecutionListener, org.springframework.boot.test.mock.mockito.MockitoTestExecutionListener, org.springframework.boot.test.mock.mockito.ResetMocksTestExecutionListener, org.springframework.test.context.web.ServletTestExecutionListener, org.springframework.test.context.support.DirtiesContextBeforeModesTestExecutionListener, org.springframework.test.context.event.ApplicationEventsTestExecutionListener, org.springframework.test.context.support.DependencyInjectionTestExecutionListener, org.springframework.test.context.support.DirtiesContextTestExecutionListener, org.springframework.test.context.transaction.TransactionalTestExecutionListener, org.springframework.test.context.jdbc.SqlScriptsTestExecutionListener, org.springframework.test.context.event.EventPublishingTestExecutionListener]
02:36:41.031 [Test worker] INFO org.springframework.boot.test.context.SpringBootTestContextBootstrapper - Using TestExecutionListeners: [org.springframework.test.context.web.ServletTestExecutionListener@1bb1fde8, org.springframework.test.context.support.DirtiesContextBeforeModesTestExecutionListener@15eebbff, org.springframework.test.context.event.ApplicationEventsTestExecutionListener@22d6f11, org.springframework.boot.test.mock.mockito.MockitoTestExecutionListener@30990c1b, org.springframework.boot.test.autoconfigure.SpringBootDependencyInjectionTestExecutionListener@2453f95d, org.springframework.test.context.support.DirtiesContextTestExecutionListener@44828f6b, org.springframework.test.context.transaction.TransactionalTestExecutionListener@2dbe250d, org.springframework.test.context.jdbc.SqlScriptsTestExecutionListener@553f1d75, org.springframework.security.test.context.support.WithSecurityContextTestExecutionListener@6e1d8f9e, org.springframework.test.context.event.EventPublishingTestExecutionListener@3e34ace1, org.springframework.security.test.context.support.ReactorContextTestExecutionListener@62fe6067, org.springframework.boot.test.autoconfigure.restdocs.RestDocsTestExecutionListener@4f071df8, org.springframework.boot.test.autoconfigure.web.client.MockRestServiceServerResetTestExecutionListener@4de41af9, org.springframework.boot.test.autoconfigure.web.servlet.MockMvcPrintOnlyOnFailureTestExecutionListener@56ace400, org.springframework.boot.test.autoconfigure.web.servlet.WebDriverTestExecutionListener@47404bea, org.springframework.boot.test.autoconfigure.webservices.client.MockWebServiceServerTestExecutionListener@305f7627, org.springframework.boot.test.mock.mockito.ResetMocksTestExecutionListener@5d018107]
02:36:41.033 [Test worker] DEBUG org.springframework.test.context.support.AbstractDirtiesContextTestExecutionListener - Before test class: context [DefaultTestContext@54227100 testClass = ETronV2ApplicationTests, testInstance = [null], testMethod = [null], testException = [null], mergedContextConfiguration = [WebMergedContextConfiguration@6b5894c8 testClass = ETronV2ApplicationTests, locations = '{}', classes = '{class com.example.demo.ETronV2Application}', contextInitializerClasses = '[]', activeProfiles = '{}', propertySourceLocations = '{}', propertySourceProperties = '{org.springframework.boot.test.context.SpringBootTestContextBootstrapper=true}', contextCustomizers = set[org.springframework.boot.test.autoconfigure.actuate.metrics.MetricsExportContextCustomizerFactory$DisableMetricExportContextCustomizer@600b90df, org.springframework.boot.test.autoconfigure.properties.PropertyMappingContextCustomizer@0, org.springframework.boot.test.autoconfigure.web.servlet.WebDriverContextCustomizerFactory$Customizer@60df60da, org.springframework.boot.test.context.filter.ExcludeFilterContextCustomizer@632ceb35, org.springframework.boot.test.json.DuplicateJsonObjectContextCustomizerFactory$DuplicateJsonObjectContextCustomizer@130e116b, org.springframework.boot.test.mock.mockito.MockitoContextCustomizer@0, org.springframework.boot.test.web.client.TestRestTemplateContextCustomizer@9ebe38b, org.springframework.boot.test.context.SpringBootTestArgs@1, org.springframework.boot.test.context.SpringBootTestWebEnvironment@37f1104d], resourceBasePath = 'src/main/webapp', contextLoader = 'org.springframework.boot.test.context.SpringBootContextLoader', parent = [null]], attributes = map['org.springframework.test.context.web.ServletTestExecutionListener.activateListener' -> true]], class annotated with @DirtiesContext [false] with mode [null].

  .   ____          _            __ _ _
 /\\ / ___'_ __ _ _(_)_ __  __ _ \ \ \ \
( ( )\___ | '_ | '_| | '_ \/ _` | \ \ \ \
 \\/  ___)| |_)| | | | | || (_| |  ) ) ) )
  '  |____| .__|_| |_|_| |_\__, | / / / /
 =========|_|==============|___/=/_/_/_/
 :: Spring Boot ::               (v2.7.16)

2023-10-18 02:36:41.252  INFO 22241 --- [    Test worker] c.example.demo.ETronV2ApplicationTests   : Starting ETronV2ApplicationTests using Java 11.0.20.1 on dosi with PID 22241 (started by root in /home/dosi/Documents/workspace-spring-tool-suite-4-4.20.0.RELEASE/e-tron-v2)
2023-10-18 02:36:41.253  INFO 22241 --- [    Test worker] c.example.demo.ETronV2ApplicationTests   : No active profile set, falling back to 1 default profile: "default"
2023-10-18 02:36:41.733  INFO 22241 --- [    Test worker] .s.d.r.c.RepositoryConfigurationDelegate : Bootstrapping Spring Data JPA repositories in DEFAULT mode.
2023-10-18 02:36:41.782  INFO 22241 --- [    Test worker] .s.d.r.c.RepositoryConfigurationDelegate : Finished Spring Data repository scanning in 44 ms. Found 6 JPA repository interfaces.
2023-10-18 02:36:42.152  INFO 22241 --- [    Test worker] o.hibernate.jpa.internal.util.LogHelper  : HHH000204: Processing PersistenceUnitInfo [name: default]
2023-10-18 02:36:42.186  INFO 22241 --- [    Test worker] org.hibernate.Version                    : HHH000412: Hibernate ORM core version 5.6.15.Final
2023-10-18 02:36:42.300  INFO 22241 --- [    Test worker] o.hibernate.annotations.common.Version   : HCANN000001: Hibernate Commons Annotations {5.1.2.Final}
2023-10-18 02:36:42.387  INFO 22241 --- [    Test worker] com.zaxxer.hikari.HikariDataSource       : HikariPool-1 - Starting...
2023-10-18 02:36:42.500  INFO 22241 --- [    Test worker] com.zaxxer.hikari.HikariDataSource       : HikariPool-1 - Start completed.
2023-10-18 02:36:42.508  INFO 22241 --- [    Test worker] org.hibernate.dialect.Dialect            : HHH000400: Using dialect: org.hibernate.dialect.MySQL8Dialect
2023-10-18 02:36:42.984  INFO 22241 --- [    Test worker] o.h.e.t.j.p.i.JtaPlatformInitiator       : HHH000490: Using JtaPlatform implementation: [org.hibernate.engine.transaction.jta.platform.internal.NoJtaPlatform]
2023-10-18 02:36:42.992  INFO 22241 --- [    Test worker] j.LocalContainerEntityManagerFactoryBean : Initialized JPA EntityManagerFactory for persistence unit 'default'
2023-10-18 02:36:43.428  WARN 22241 --- [    Test worker] JpaBaseConfiguration$JpaWebConfiguration : spring.jpa.open-in-view is enabled by default. Therefore, database queries may be performed during view rendering. Explicitly configure spring.jpa.open-in-view to disable this warning
2023-10-18 02:36:43.582  INFO 22241 --- [    Test worker] o.s.s.web.DefaultSecurityFilterChain     : Will secure any request with [org.springframework.security.web.session.DisableEncodeUrlFilter@663e1144, org.springframework.security.web.context.request.async.WebAsyncManagerIntegrationFilter@4efa7d2f, org.springframework.security.web.context.SecurityContextPersistenceFilter@400df2b3, org.springframework.security.web.header.HeaderWriterFilter@1631dbbc, org.springframework.web.filter.CorsFilter@69c51fdb, org.springframework.security.web.authentication.logout.LogoutFilter@abe7d36, com.example.demo.config.JwtAuthenticationFilter@5671078e, org.springframework.security.web.savedrequest.RequestCacheAwareFilter@4678ec43, org.springframework.security.web.servletapi.SecurityContextHolderAwareRequestFilter@4d7f9b33, org.springframework.security.web.authentication.AnonymousAuthenticationFilter@24bba1b7, org.springframework.security.web.session.SessionManagementFilter@2de82bf8, org.springframework.security.web.access.ExceptionTranslationFilter@75312c94, org.springframework.security.web.access.intercept.FilterSecurityInterceptor@1b901f7b]
2023-10-18 02:36:44.121  INFO 22241 --- [    Test worker] c.example.demo.ETronV2ApplicationTests   : Started ETronV2ApplicationTests in 3.06 seconds (JVM running for 3.706)
]]></system-out>
  <system-err><![CDATA[]]></system-err>
</testsuite>
